<?xml version="1.0" encoding="UTF-8"?>
<!-- Generated by org.testng.reporters.JUnitXMLReporter -->
<testsuite hostname="Afsanas-MacBook-Pro.local" failures="0" tests="2" name="Running Smoke suite in Chrome" time="14.822" errors="0" timestamp="21 Aug 2020 02:20:46 GMT">
  <testcase classname="test_signIn.VerifyUserFullName" name="userFullNameTest" time="6.485"/>
  <testcase classname="test_register.NewRegisterTest" name="registerWithNewEmailTest" time="0.0"/>
</testsuite> <!-- Running Smoke suite in Chrome -->
